<?xml version="1.0" encoding="UTF-8"?>
<!-- Generated by org.testng.reporters.JUnitReportReporter -->
<testsuite hostname="LAPTOP-NBHH8J66" failures="0" tests="1" name="com.example.extentreports.ExtentReportsSelenium.GoogleTestWithReport" time="1.063" errors="0" timestamp="2025-08-20T15:44:28 IST" skipped="0">
  <testcase classname="com.example.extentreports.ExtentReportsSelenium.GoogleTestWithReport" name="openGoogle" time="1.063"/>
</testsuite> <!-- com.example.extentreports.ExtentReportsSelenium.GoogleTestWithReport -->
