<?xml version="1.0" encoding="UTF-8"?>
<!-- Generated by org.testng.reporters.JUnitReportReporter -->
<testsuite hostname="LAPTOP-NBHH8J66" failures="0" tests="2" name="testcases.HomePageTest" time="11.476" errors="0" timestamp="2025-09-07T23:25:11 IST" skipped="0">
  <testcase classname="testcases.HomePageTest" name="verifyHomePageTitle" time="5.460"/>
  <testcase classname="testcases.HomePageTest" name="verifySignUpButtonNavigation" time="6.016"/>
</testsuite> <!-- testcases.HomePageTest -->
