<?xml version="1.0" encoding="UTF-8"?>
<!-- Generated by org.testng.reporters.JUnitReportReporter -->
<testsuite hostname="LAPTOP-NBHH8J66" failures="0" tests="1" name="testcases.TestCasesPageTest" time="6.157" errors="0" timestamp="2025-09-07T23:25:11 IST" skipped="0">
  <testcase classname="testcases.TestCasesPageTest" name="verifyTestCasesPage" time="6.157"/>
</testsuite> <!-- testcases.TestCasesPageTest -->
