<?xml version="1.0" encoding="UTF-8"?>
<!-- Generated by org.testng.reporters.JUnitReportReporter -->
<testsuite hostname="LAPTOP-NBHH8J66" failures="0" tests="3" name="testcases.LoginPageTest" time="31.697" errors="0" timestamp="2025-09-07T23:25:11 IST" skipped="0">
  <testcase classname="testcases.LoginPageTest" name="verifyLoginFunctionality" time="8.374"/>
  <testcase classname="testcases.LoginPageTest" name="verifySignupFunctionality" time="7.086"/>
  <testcase classname="testcases.LoginPageTest" name="verifyInvalidLoginShowsError" time="16.237"/>
</testsuite> <!-- testcases.LoginPageTest -->
