<?xml version="1.0" encoding="UTF-8"?>
<!-- Generated by org.testng.reporters.JUnitReportReporter -->
<testsuite hostname="LAPTOP-NBHH8J66" failures="0" tests="6" name="runners.TestRunner" time="53.817" errors="0" timestamp="2025-09-08T00:50:38 IST" skipped="0">
  <testcase classname="runners.TestRunner" name="runScenario" time="9.707"/>
  <testcase classname="runners.TestRunner" name="runScenario" time="9.372"/>
  <testcase classname="runners.TestRunner" name="runScenario" time="7.450"/>
  <testcase classname="runners.TestRunner" name="runScenario" time="9.567"/>
  <testcase classname="runners.TestRunner" name="runScenario" time="10.798"/>
  <testcase classname="runners.TestRunner" name="runScenario" time="6.923"/>
</testsuite> <!-- runners.TestRunner -->
