<?xml version="1.0" encoding="UTF-8"?>
<!-- Generated by org.testng.reporters.JUnitReportReporter -->
<testsuite hostname="LAPTOP-NBHH8J66" failures="0" tests="2" name="testcases.ProductPageTest" time="35.412" errors="0" timestamp="2025-09-07T23:25:11 IST" skipped="0">
  <testcase classname="testcases.ProductPageTest" name="verifyAddProductToCart" time="7.586"/>
  <testcase classname="testcases.ProductPageTest" name="verifyViewProduct" time="27.826"/>
</testsuite> <!-- testcases.ProductPageTest -->
