<?xml version="1.0" encoding="UTF-8"?>
<!-- Generated by org.testng.reporters.JUnitReportReporter -->
<testsuite hostname="LAPTOP-NBHH8J66" failures="0" tests="1" name="testcases.CheckoutPageTest" time="12.036" errors="0" timestamp="2025-09-07T23:25:11 IST" skipped="0">
  <testcase classname="testcases.CheckoutPageTest" name="verifyCheckoutPageAndPlaceOrder" time="12.036"/>
</testsuite> <!-- testcases.CheckoutPageTest -->
