<?xml version="1.0" encoding="UTF-8"?>
<!-- Generated by org.testng.reporters.JUnitReportReporter -->
<testsuite hostname="LAPTOP-NBHH8J66" failures="0" tests="2" name="testcases.UserManagementTest" time="30.673" errors="0" timestamp="2025-09-07T23:25:11 IST" skipped="0">
  <testcase classname="testcases.UserManagementTest" name="registerUser" time="21.231"/>
  <testcase classname="testcases.UserManagementTest" name="deleteUser" time="9.442"/>
</testsuite> <!-- testcases.UserManagementTest -->
