<?xml version="1.0" encoding="UTF-8"?>
<!-- Generated by org.testng.reporters.JUnitReportReporter -->
<testsuite hostname="LAPTOP-NBHH8J66" failures="0" tests="1" name="testcases.PaymentPageTest" time="6.161" errors="0" timestamp="2025-09-07T23:33:03 IST" skipped="0">
  <testcase classname="testcases.PaymentPageTest" name="verifyPaymentAndConfirmOrder" time="6.161"/>
</testsuite> <!-- testcases.PaymentPageTest -->
