<?xml version="1.0" encoding="UTF-8"?>
<!-- Generated by org.testng.reporters.JUnitReportReporter -->
<testsuite hostname="LAPTOP-NBHH8J66" failures="0" tests="1" name="tests.LoginTests" time="19.460" errors="0" timestamp="2025-08-30T17:16:09 IST" skipped="0">
  <testcase classname="tests.LoginTests" name="loginTest" time="19.460"/>
</testsuite> <!-- tests.LoginTests -->
